111.04.04 21:00 B c:\jscholl\Gosselin5thEditioStudentFiles\Chapter.04\Chapter\GosselinMotors\images\banner1.gif --> www2.austincc.edu /public_html/spring2011/javascript/jassignments/GosselinMotors/images banner1.gif
111.04.04 21:00 B c:\jscholl\Gosselin5thEditioStudentFiles\Chapter.04\Chapter\GosselinMotors\images\banner2.gif --> www2.austincc.edu /public_html/spring2011/javascript/jassignments/GosselinMotors/images banner2.gif
111.04.04 21:00 B c:\jscholl\Gosselin5thEditioStudentFiles\Chapter.04\Chapter\GosselinMotors\images\bg.gif --> www2.austincc.edu /public_html/spring2011/javascript/jassignments/GosselinMotors/images bg.gif
111.04.04 21:00 B c:\jscholl\Gosselin5thEditioStudentFiles\Chapter.04\Chapter\GosselinMotors\images\but01.gif --> www2.austincc.edu /public_html/spring2011/javascript/jassignments/GosselinMotors/images but01.gif
111.04.04 21:00 B c:\jscholl\Gosselin5thEditioStudentFiles\Chapter.04\Chapter\GosselinMotors\images\but02.gif --> www2.austincc.edu /public_html/spring2011/javascript/jassignments/GosselinMotors/images but02.gif
111.04.04 21:00 B c:\jscholl\Gosselin5thEditioStudentFiles\Chapter.04\Chapter\GosselinMotors\images\but03.gif --> www2.austincc.edu /public_html/spring2011/javascript/jassignments/GosselinMotors/images but03.gif
111.04.04 21:00 B c:\jscholl\Gosselin5thEditioStudentFiles\Chapter.04\Chapter\GosselinMotors\images\but04.gif --> www2.austincc.edu /public_html/spring2011/javascript/jassignments/GosselinMotors/images but04.gif
111.04.04 21:00 B c:\jscholl\Gosselin5thEditioStudentFiles\Chapter.04\Chapter\GosselinMotors\images\but05.gif --> www2.austincc.edu /public_html/spring2011/javascript/jassignments/GosselinMotors/images but05.gif
111.04.04 21:00 B c:\jscholl\Gosselin5thEditioStudentFiles\Chapter.04\Chapter\GosselinMotors\images\but06.gif --> www2.austincc.edu /public_html/spring2011/javascript/jassignments/GosselinMotors/images but06.gif
111.04.04 21:00 B c:\jscholl\Gosselin5thEditioStudentFiles\Chapter.04\Chapter\GosselinMotors\images\but_bg.gif --> www2.austincc.edu /public_html/spring2011/javascript/jassignments/GosselinMotors/images but_bg.gif
111.04.04 21:00 B c:\jscholl\Gosselin5thEditioStudentFiles\Chapter.04\Chapter\GosselinMotors\images\car03_02.jpg --> www2.austincc.edu /public_html/spring2011/javascript/jassignments/GosselinMotors/images car03_02.jpg
111.04.04 21:00 B c:\jscholl\Gosselin5thEditioStudentFiles\Chapter.04\Chapter\GosselinMotors\images\car03_09.jpg --> www2.austincc.edu /public_html/spring2011/javascript/jassignments/GosselinMotors/images car03_09.jpg
111.04.04 21:00 B c:\jscholl\Gosselin5thEditioStudentFiles\Chapter.04\Chapter\GosselinMotors\images\drg4000.gif --> www2.austincc.edu /public_html/spring2011/javascript/jassignments/GosselinMotors/images drg4000.gif
111.04.04 21:00 B c:\jscholl\Gosselin5thEditioStudentFiles\Chapter.04\Chapter\GosselinMotors\images\drg5000.gif --> www2.austincc.edu /public_html/spring2011/javascript/jassignments/GosselinMotors/images drg5000.gif
111.04.04 21:00 B c:\jscholl\Gosselin5thEditioStudentFiles\Chapter.04\Chapter\GosselinMotors\images\drgdx.gif --> www2.austincc.edu /public_html/spring2011/javascript/jassignments/GosselinMotors/images drgdx.gif
111.04.04 21:00 B c:\jscholl\Gosselin5thEditioStudentFiles\Chapter.04\Chapter\GosselinMotors\images\drglx.gif --> www2.austincc.edu /public_html/spring2011/javascript/jassignments/GosselinMotors/images drglx.gif
111.04.04 21:00 B c:\jscholl\Gosselin5thEditioStudentFiles\Chapter.04\Chapter\GosselinMotors\images\drgsx.gif --> www2.austincc.edu /public_html/spring2011/javascript/jassignments/GosselinMotors/images drgsx.gif
111.04.04 21:00 B c:\jscholl\Gosselin5thEditioStudentFiles\Chapter.04\Chapter\GosselinMotors\images\greybar.gif --> www2.austincc.edu /public_html/spring2011/javascript/jassignments/GosselinMotors/images greybar.gif
111.04.04 21:00 B c:\jscholl\Gosselin5thEditioStudentFiles\Chapter.04\Chapter\GosselinMotors\images\hspacer.gif --> www2.austincc.edu /public_html/spring2011/javascript/jassignments/GosselinMotors/images hspacer.gif
111.04.04 21:00 B c:\jscholl\Gosselin5thEditioStudentFiles\Chapter.04\Chapter\GosselinMotors\images\logo.gif --> www2.austincc.edu /public_html/spring2011/javascript/jassignments/GosselinMotors/images logo.gif
111.04.04 21:00 B c:\jscholl\Gosselin5thEditioStudentFiles\Chapter.04\Chapter\GosselinMotors\images\p1.jpg --> www2.austincc.edu /public_html/spring2011/javascript/jassignments/GosselinMotors/images p1.jpg
111.04.04 21:00 B c:\jscholl\Gosselin5thEditioStudentFiles\Chapter.04\Chapter\GosselinMotors\images\p2.jpg --> www2.austincc.edu /public_html/spring2011/javascript/jassignments/GosselinMotors/images p2.jpg
111.04.04 21:00 B c:\jscholl\Gosselin5thEditioStudentFiles\Chapter.04\Chapter\GosselinMotors\images\pic01.jpg --> www2.austincc.edu /public_html/spring2011/javascript/jassignments/GosselinMotors/images pic01.jpg
111.04.04 21:00 B c:\jscholl\Gosselin5thEditioStudentFiles\Chapter.04\Chapter\GosselinMotors\images\SPACER.GIF --> www2.austincc.edu /public_html/spring2011/javascript/jassignments/GosselinMotors/images SPACER.GIF
111.04.04 21:00 B c:\jscholl\Gosselin5thEditioStudentFiles\Chapter.04\Chapter\GosselinMotors\images\Thumbs.db --> www2.austincc.edu /public_html/spring2011/javascript/jassignments/GosselinMotors/images Thumbs.db
